<?xml version="1.0" encoding="UTF-8"?>
<robot generator="Robot 6.0.1 (Python 3.10.7 on win32)" generated="20221130 16:53:09.564" rpa="false" schemaversion="3">
<suite id="s1" name="TravailPratique Testcases" source="e:\robotframeworkPOM\testcases\TravailPratique_Testcases.robot">
<test id="s1-t1" name="CT1:Positive Login Test" line="14">
<kw name="Ouvrir le navigateur" library="TravailPratiqueKeyword">
<arg>${Url}</arg>
<arg>${navigateur}</arg>
<kw name="Open Browser" library="SeleniumLibrary">
<arg>${url}</arg>
<arg>${browser}</arg>
<doc>Opens a new browser instance to the optional ``url``.</doc>
<msg timestamp="20221130 16:53:09.876" level="INFO">Opening browser 'gc' to base url 'https://practicetestautomation.com/practice-test-login/'.</msg>
<status status="PASS" starttime="20221130 16:53:09.876" endtime="20221130 16:53:12.388"/>
</kw>
<status status="PASS" starttime="20221130 16:53:09.876" endtime="20221130 16:53:12.388"/>
</kw>
<kw name="Saisir un nom d'utilisateur valide" library="TravailPratiqueKeyword">
<arg>${vld_username}</arg>
<kw name="Input Text" library="SeleniumLibrary">
<arg>${txt_username}</arg>
<arg>${vld_username}</arg>
<doc>Types the given ``text`` into the text field identified by ``locator``.</doc>
<msg timestamp="20221130 16:53:12.394" level="INFO">Typing text 'student' into text field '//input[@id='username']'.</msg>
<status status="PASS" starttime="20221130 16:53:12.388" endtime="20221130 16:53:12.568"/>
</kw>
<status status="PASS" starttime="20221130 16:53:12.388" endtime="20221130 16:53:12.568"/>
</kw>
<kw name="Saisir un mot de passe valide" library="TravailPratiqueKeyword">
<arg>${$pswrd}</arg>
<kw name="Input Password" library="SeleniumLibrary">
<arg>${txt_password}</arg>
<arg>${pswrd}</arg>
<doc>Types the given password into the text field identified by ``locator``.</doc>
<msg timestamp="20221130 16:53:12.568" level="INFO">Typing password into text field 'password'.</msg>
<msg timestamp="20221130 16:53:12.663" level="INFO">Temporally setting log level to: NONE</msg>
<msg timestamp="20221130 16:53:12.753" level="INFO">Log level changed from NONE to INFO.</msg>
<status status="PASS" starttime="20221130 16:53:12.568" endtime="20221130 16:53:12.753"/>
</kw>
<status status="PASS" starttime="20221130 16:53:12.568" endtime="20221130 16:53:12.753"/>
</kw>
<kw name="Cliquer le bouton Submit" library="TravailPratiqueKeyword">
<kw name="Click Button" library="SeleniumLibrary">
<arg>${submit_button}</arg>
<doc>Clicks the button identified by ``locator``.</doc>
<msg timestamp="20221130 16:53:12.753" level="INFO">Clicking button '//button[text()='Submit']'.</msg>
<status status="PASS" starttime="20221130 16:53:12.753" endtime="20221130 16:53:13.582"/>
</kw>
<status status="PASS" starttime="20221130 16:53:12.753" endtime="20221130 16:53:13.582"/>
</kw>
<kw name="Valider l'URL de la nouvelle page" library="TravailPratiqueKeyword">
<kw name="Execute Javascript" library="SeleniumLibrary">
<var>${url1}</var>
<arg>return window.location.href;</arg>
<doc>Executes the given JavaScript code with possible arguments.</doc>
<msg timestamp="20221130 16:53:13.591" level="INFO">Executing JavaScript:
return window.location.href;
Without any arguments.</msg>
<msg timestamp="20221130 16:53:13.602" level="INFO">${url1} = https://practicetestautomation.com/logged-in-successfully/</msg>
<status status="PASS" starttime="20221130 16:53:13.590" endtime="20221130 16:53:13.602"/>
</kw>
<kw name="Log To Console" library="BuiltIn">
<arg>${url1}</arg>
<doc>Logs the given message to the console.</doc>
<status status="PASS" starttime="20221130 16:53:13.602" endtime="20221130 16:53:13.602"/>
</kw>
<kw name="Page Should Contain" library="SeleniumLibrary">
<arg>practicetestautomation.com/logged-in-successfully/</arg>
<doc>Verifies that current page contains ``text``.</doc>
<msg timestamp="20221130 16:53:13.631" level="INFO">Current page contains text 'practicetestautomation.com/logged-in-successfully/'.</msg>
<status status="PASS" starttime="20221130 16:53:13.602" endtime="20221130 16:53:13.631"/>
</kw>
<status status="PASS" starttime="20221130 16:53:13.582" endtime="20221130 16:53:13.639"/>
</kw>
<kw name="Vérifier que la page contient le text &quot;Congratulations&quot;" library="TravailPratiqueKeyword">
<kw name="Page Should Contain" library="SeleniumLibrary">
<arg>Congratulations</arg>
<doc>Verifies that current page contains ``text``.</doc>
<msg timestamp="20221130 16:53:13.669" level="INFO">Current page contains text 'Congratulations'.</msg>
<status status="PASS" starttime="20221130 16:53:13.639" endtime="20221130 16:53:13.669"/>
</kw>
<status status="PASS" starttime="20221130 16:53:13.639" endtime="20221130 16:53:13.669"/>
</kw>
<kw name="Vérifier que le boutton Log out est affiché" library="TravailPratiqueKeyword">
<kw name="Sleep" library="BuiltIn">
<arg>2</arg>
<doc>Pauses the test executed for the given time.</doc>
<msg timestamp="20221130 16:53:15.669" level="INFO">Slept 2 seconds</msg>
<status status="PASS" starttime="20221130 16:53:13.669" endtime="20221130 16:53:15.670"/>
</kw>
<kw name="Page Should Contain Element" library="SeleniumLibrary">
<arg>${button_logout}</arg>
<doc>Verifies that element ``locator`` is found on the current page.</doc>
<msg timestamp="20221130 16:53:15.683" level="INFO">Current page contains element '//a[text()='Log out']'.</msg>
<status status="PASS" starttime="20221130 16:53:15.670" endtime="20221130 16:53:15.683"/>
</kw>
<status status="PASS" starttime="20221130 16:53:13.669" endtime="20221130 16:53:15.684"/>
</kw>
<status status="PASS" starttime="20221130 16:53:09.876" endtime="20221130 16:53:15.684"/>
</test>
<status status="PASS" starttime="20221130 16:53:09.576" endtime="20221130 16:53:15.686"/>
</suite>
<statistics>
<total>
<stat pass="1" fail="0" skip="0">All Tests</stat>
</total>
<tag>
</tag>
<suite>
<stat pass="1" fail="0" skip="0" id="s1" name="TravailPratique Testcases">TravailPratique Testcases</stat>
</suite>
</statistics>
<errors>
</errors>
</robot>
